Determining if the pthread_create exist failed with the following output:
Change Dir: /workspaces/Lidar-Obstacle-Detection/build/CMakeFiles/CMakeTmp

Run Build Command:"/usr/bin/make" "cmTC_b0110/fast"
/usr/bin/make -f CMakeFiles/cmTC_b0110.dir/build.make CMakeFiles/cmTC_b0110.dir/build
make[1]: Entering directory '/workspaces/Lidar-Obstacle-Detection/build/CMakeFiles/CMakeTmp'
Building CXX object CMakeFiles/cmTC_b0110.dir/CheckSymbolExists.cxx.o
/usr/bin/c++     -o CMakeFiles/cmTC_b0110.dir/CheckSymbolExists.cxx.o -c /workspaces/Lidar-Obstacle-Detection/build/CMakeFiles/CMakeTmp/CheckSymbolExists.cxx
Linking CXX executable cmTC_b0110
/usr/bin/cmake -E cmake_link_script CMakeFiles/cmTC_b0110.dir/link.txt --verbose=1
/usr/bin/c++       -rdynamic CMakeFiles/cmTC_b0110.dir/CheckSymbolExists.cxx.o  -o cmTC_b0110 
CMakeFiles/cmTC_b0110.dir/CheckSymbolExists.cxx.o: In function `main':
CheckSymbolExists.cxx:(.text+0x1b): undefined reference to `pthread_create'
collect2: error: ld returned 1 exit status
CMakeFiles/cmTC_b0110.dir/build.make:97: recipe for target 'cmTC_b0110' failed
make[1]: *** [cmTC_b0110] Error 1
make[1]: Leaving directory '/workspaces/Lidar-Obstacle-Detection/build/CMakeFiles/CMakeTmp'
Makefile:126: recipe for target 'cmTC_b0110/fast' failed
make: *** [cmTC_b0110/fast] Error 2

File /workspaces/Lidar-Obstacle-Detection/build/CMakeFiles/CMakeTmp/CheckSymbolExists.cxx:
/* */
#include <pthread.h>

int main(int argc, char** argv)
{
  (void)argv;
#ifndef pthread_create
  return ((int*)(&pthread_create))[argc];
#else
  (void)argc;
  return 0;
#endif
}

Determining if the function pthread_create exists in the pthreads failed with the following output:
Change Dir: /workspaces/Lidar-Obstacle-Detection/build/CMakeFiles/CMakeTmp

Run Build Command:"/usr/bin/make" "cmTC_5c521/fast"
/usr/bin/make -f CMakeFiles/cmTC_5c521.dir/build.make CMakeFiles/cmTC_5c521.dir/build
make[1]: Entering directory '/workspaces/Lidar-Obstacle-Detection/build/CMakeFiles/CMakeTmp'
Building CXX object CMakeFiles/cmTC_5c521.dir/CheckFunctionExists.cxx.o
/usr/bin/c++    -DCHECK_FUNCTION_EXISTS=pthread_create   -o CMakeFiles/cmTC_5c521.dir/CheckFunctionExists.cxx.o -c /workspaces/Lidar-Obstacle-Detection/build/CMakeFiles/CheckLibraryExists/CheckFunctionExists.cxx
Linking CXX executable cmTC_5c521
/usr/bin/cmake -E cmake_link_script CMakeFiles/cmTC_5c521.dir/link.txt --verbose=1
/usr/bin/c++   -DCHECK_FUNCTION_EXISTS=pthread_create    -rdynamic CMakeFiles/cmTC_5c521.dir/CheckFunctionExists.cxx.o  -o cmTC_5c521 -lpthreads 
/usr/bin/ld: cannot find -lpthreads
collect2: error: ld returned 1 exit status
CMakeFiles/cmTC_5c521.dir/build.make:97: recipe for target 'cmTC_5c521' failed
make[1]: *** [cmTC_5c521] Error 1
make[1]: Leaving directory '/workspaces/Lidar-Obstacle-Detection/build/CMakeFiles/CMakeTmp'
Makefile:126: recipe for target 'cmTC_5c521/fast' failed
make: *** [cmTC_5c521/fast] Error 2


